
                               Synplify Pro (R) 

                Version S-2021.09M-SP1 for win64 - Jun 14, 2022 

                    Copyright (c) 1988 - 2022 Synopsys, Inc.
   This software and the associated documentation are proprietary to Synopsys,
 Inc. This software may only be used in accordance with the terms and conditions
 of a written license agreement with Synopsys, Inc. All other use, reproduction,
   or distribution of this software is strictly prohibited.  Licensed Products
     communicate with Synopsys servers for the purpose of providing software
    updates, detecting software piracy and verifying that customers are using
    Licensed Products in conformity with the applicable License Key for such
  Licensed Products. Synopsys will use information gathered in connection with
    this process to deliver software updates and pursue software pirates and
                                   infringers.

 Inclusivity & Diversity - Visit SolvNetPlus to read the "Synopsys Statement on
            Inclusivity and Diversity" (Refer to article 000036315 at
                        https://solvnetplus.synopsys.com)

Starting:    C:\Microchip\Libero_SoC_v2022.2\SynplifyPro\bin64\mbin\synbatch.exe
Install:     C:\Microchip\Libero_SoC_v2022.2\SynplifyPro
Hostname:    IA4
Date:        Wed Oct 19 20:26:14 2022
Version:     S-2021.09M-SP1

Arguments:   -product synplify_pro -licensetype synplifypro_actel -batch -log synplify.log top_syn.tcl
ProductType: synplify_pro

License checkout: synplifypro_actel
License: synplifypro_actel node-locked 
Licensed Vendor: actel
License Option: actel_oem

Running in Vendor Mode

auto_infer_blackbox is not supported in current product.
log file: "C:\Libero_Projects\PF_Mi_V_Tut\synthesis\top.srr"
Running: synthesis in foreground

Running top_syn|synthesis

Running Flow: compile (Compile) on top_syn|synthesis
# Wed Oct 19 20:26:16 2022

Running Flow: compile_flow (Compile Process) on top_syn|synthesis
# Wed Oct 19 20:26:16 2022

Running: compiler (Compile Input) on top_syn|synthesis
# Wed Oct 19 20:26:16 2022
Copied C:\Libero_Projects\PF_Mi_V_Tut\synthesis\synwork\top_comp.srs to C:\Libero_Projects\PF_Mi_V_Tut\synthesis\top.srs

compiler completed
# Wed Oct 19 20:29:44 2022

Return Code: 0
Run Time:00h:03m:28s

Running: multi_srs_gen (Multi-srs Generator) on top_syn|synthesis
# Wed Oct 19 20:29:44 2022

multi_srs_gen completed
# Wed Oct 19 20:29:48 2022

Return Code: 0
Run Time:00h:00m:04s
Copied C:\Libero_Projects\PF_Mi_V_Tut\synthesis\synwork\top_mult.srs to C:\Libero_Projects\PF_Mi_V_Tut\synthesis\top.srs
Complete: Compile Process on top_syn|synthesis

Running: premap (Premap) on top_syn|synthesis
# Wed Oct 19 20:29:48 2022

premap completed with warnings
# Wed Oct 19 20:30:32 2022

Return Code: 1
Run Time:00h:00m:44s
Complete: Compile on top_syn|synthesis

Running Flow: map (Map) on top_syn|synthesis
# Wed Oct 19 20:30:33 2022
License granted for 4 parallel jobs

Running: fpga_mapper (Map & Optimize) on top_syn|synthesis
# Wed Oct 19 20:30:33 2022
Copied C:\Libero_Projects\PF_Mi_V_Tut\synthesis\synwork\top_m.srm to C:\Libero_Projects\PF_Mi_V_Tut\synthesis\top.srm

fpga_mapper completed with warnings
# Wed Oct 19 20:35:57 2022

Return Code: 1
Run Time:00h:05m:24s
Complete: Map on top_syn|synthesis
Complete: Logic Synthesis on top_syn|synthesis
TCL script complete: "top_syn.tcl"
exit status=0
exit status=0
License checkin: synplifypro_actel
