********************************************************************
Delay Instance Report - Date: Wed Oct 19 20:49:57 2022
Product: Designer
Release: v2022.2
Version: 2022.2.0.10
Design Name: top
Family: PolarFire
Die: MPF300TS
Package: FCG1152
********************************************************************

Microchip Technology Inc. - Microchip Libero Software Release v2022.2 (Version 2022.2.0.10)


+-----------+--------------------------------------------------------+------------------+-------------+-----------------+-----------+
| Type      | Instance Name                                          | Param Name       | Delay Value | PDC Option Name | Editable? |
+-----------+--------------------------------------------------------+------------------+-------------+-----------------+-----------+
| LANECTRL  | DDR3_0_0/DDRPHY_BLK_0/LANECTRL_ADDR_CMD_0/I_LANECTRL_1 | RX_DQS_DELAY_VAL | 1           | RX_DQS_DELAY    | No        |
| LANECTRL  | DDR3_0_0/DDRPHY_BLK_0/LANECTRL_ADDR_CMD_0/I_LANECTRL_1 | TX_DQS_DELAY_VAL | 1           | TX_DQS_DELAY    | No        |
| LANECTRL  | DDR3_0_0/DDRPHY_BLK_0/LANECTRL_ADDR_CMD_0/I_LANECTRL_0 | RX_DQS_DELAY_VAL | 1           | RX_DQS_DELAY    | No        |
| LANECTRL  | DDR3_0_0/DDRPHY_BLK_0/LANECTRL_ADDR_CMD_0/I_LANECTRL_0 | TX_DQS_DELAY_VAL | 1           | TX_DQS_DELAY    | No        |
| LANECTRL  | DDR3_0_0/DDRPHY_BLK_0/LANE_0_CTRL/I_LANECTRL           | RX_DQS_DELAY_VAL | 1           | RX_DQS_DELAY    | No        |
| LANECTRL  | DDR3_0_0/DDRPHY_BLK_0/LANE_0_CTRL/I_LANECTRL           | TX_DQS_DELAY_VAL | 1           | TX_DQS_DELAY    | No        |
| LANECTRL  | DDR3_0_0/DDRPHY_BLK_0/LANE_1_CTRL/I_LANECTRL           | RX_DQS_DELAY_VAL | 1           | RX_DQS_DELAY    | No        |
| LANECTRL  | DDR3_0_0/DDRPHY_BLK_0/LANE_1_CTRL/I_LANECTRL           | TX_DQS_DELAY_VAL | 1           | TX_DQS_DELAY    | No        |
| LANECTRL  | DDR3_0_0/DDRPHY_BLK_0/LANECTRL_ADDR_CMD_0/I_LANECTRL   | RX_DQS_DELAY_VAL | 1           | RX_DQS_DELAY    | No        |
| LANECTRL  | DDR3_0_0/DDRPHY_BLK_0/LANECTRL_ADDR_CMD_0/I_LANECTRL   | TX_DQS_DELAY_VAL | 1           | TX_DQS_DELAY    | No        |
| PLL_DELAY | CCC_C0_0/CCC_C0_0/pll_inst_0_DELAY                     | CDELAY0_SEL      | 0           | DELAY           | No        |
| PLL_DELAY | DDR3_0_0/CCC_0/pll_inst_0_DELAY                        | CDELAY0_SEL      | 0           | DELAY           | No        |
+-----------+--------------------------------------------------------+------------------+-------------+-----------------+-----------+

