
Copyright (C) 1994-2021 Synopsys, Inc.
This Synopsys software and all associated documentation are proprietary to Synopsys, Inc.
and may only be used pursuant to the terms and conditions of a written license agreement
with Synopsys, Inc. All other use, reproduction, modification, or distribution of the
Synopsys software or the associated documentation is strictly prohibited.
Tool: Synplify Pro (R)
Build: S-2021.09M-SP1
Install: C:\Microchip\Libero_SoC_v2022.2\SynplifyPro
OS: Windows 10 or later
Hostname: IA4

Implementation : synthesis
Synopsys HDL compiler and linker, Version comp202109synp2, Build 152R, Built Jun 14 2022 11:35:28, @

Modified Files: 1
FID:  path (prevtimestamp, timestamp)
137      C:\Libero_Projects\PF_Mi_V_Tut\component\polarfire_syn_comps.v (2022-10-18 20:28:41, 2022-10-19 20:26:13)

*******************************************************************
Modules that may have changed as a result of file changes: 71
MID:  lib.cell.view
15       work.APBM.verilog may have changed because the following files changed:
                        C:\Libero_Projects\PF_Mi_V_Tut\component\polarfire_syn_comps.v (2022-10-18 20:28:41, 2022-10-19 20:26:13) <-- (module definition)
16       work.APBS.verilog may have changed because the following files changed:
                        C:\Libero_Projects\PF_Mi_V_Tut\component\polarfire_syn_comps.v (2022-10-18 20:28:41, 2022-10-19 20:26:13) <-- (module definition)
20       work.BANKCTRLM.verilog may have changed because the following files changed:
                        C:\Libero_Projects\PF_Mi_V_Tut\component\polarfire_syn_comps.v (2022-10-18 20:28:41, 2022-10-19 20:26:13) <-- (module definition)
21       work.BANKCTRL_GPIO.verilog may have changed because the following files changed:
                        C:\Libero_Projects\PF_Mi_V_Tut\component\polarfire_syn_comps.v (2022-10-18 20:28:41, 2022-10-19 20:26:13) <-- (module definition)
22       work.BANKCTRL_HSIO.verilog may have changed because the following files changed:
                        C:\Libero_Projects\PF_Mi_V_Tut\component\polarfire_syn_comps.v (2022-10-18 20:28:41, 2022-10-19 20:26:13) <-- (module definition)
23       work.BANKEN.verilog may have changed because the following files changed:
                        C:\Libero_Projects\PF_Mi_V_Tut\component\polarfire_syn_comps.v (2022-10-18 20:28:41, 2022-10-19 20:26:13) <-- (module definition)
111      work.CLKBUF_DIFF.verilog may have changed because the following files changed:
                        C:\Libero_Projects\PF_Mi_V_Tut\component\polarfire_syn_comps.v (2022-10-18 20:28:41, 2022-10-19 20:26:13) <-- (module definition)
112      work.CLKBUF_DIFF_ODT.verilog may have changed because the following files changed:
                        C:\Libero_Projects\PF_Mi_V_Tut\component\polarfire_syn_comps.v (2022-10-18 20:28:41, 2022-10-19 20:26:13) <-- (module definition)
117      work.CORELNKTMR_V.verilog may have changed because the following files changed:
                        C:\Libero_Projects\PF_Mi_V_Tut\component\polarfire_syn_comps.v (2022-10-18 20:28:41, 2022-10-19 20:26:13) <-- (module definition)
118      work.CRN_COMMON.verilog may have changed because the following files changed:
                        C:\Libero_Projects\PF_Mi_V_Tut\component\polarfire_syn_comps.v (2022-10-18 20:28:41, 2022-10-19 20:26:13) <-- (module definition)
119      work.CRN_INT.verilog may have changed because the following files changed:
                        C:\Libero_Projects\PF_Mi_V_Tut\component\polarfire_syn_comps.v (2022-10-18 20:28:41, 2022-10-19 20:26:13) <-- (module definition)
120      work.CRYPTO.verilog may have changed because the following files changed:
                        C:\Libero_Projects\PF_Mi_V_Tut\component\polarfire_syn_comps.v (2022-10-18 20:28:41, 2022-10-19 20:26:13) <-- (module definition)
121      work.CRYPTO_SOC.verilog may have changed because the following files changed:
                        C:\Libero_Projects\PF_Mi_V_Tut\component\polarfire_syn_comps.v (2022-10-18 20:28:41, 2022-10-19 20:26:13) <-- (module definition)
161      work.DEBUG.verilog may have changed because the following files changed:
                        C:\Libero_Projects\PF_Mi_V_Tut\component\polarfire_syn_comps.v (2022-10-18 20:28:41, 2022-10-19 20:26:13) <-- (module definition)
163      work.DLL.verilog may have changed because the following files changed:
                        C:\Libero_Projects\PF_Mi_V_Tut\component\polarfire_syn_comps.v (2022-10-18 20:28:41, 2022-10-19 20:26:13) <-- (module definition)
165      work.DRI.verilog may have changed because the following files changed:
                        C:\Libero_Projects\PF_Mi_V_Tut\component\polarfire_syn_comps.v (2022-10-18 20:28:41, 2022-10-19 20:26:13) <-- (module definition)
166      work.ENFORCE.verilog may have changed because the following files changed:
                        C:\Libero_Projects\PF_Mi_V_Tut\component\polarfire_syn_comps.v (2022-10-18 20:28:41, 2022-10-19 20:26:13) <-- (module definition)
168      work.GLITCHDETECT.verilog may have changed because the following files changed:
                        C:\Libero_Projects\PF_Mi_V_Tut\component\polarfire_syn_comps.v (2022-10-18 20:28:41, 2022-10-19 20:26:13) <-- (module definition)
169      work.GPSS_COMMON.verilog may have changed because the following files changed:
                        C:\Libero_Projects\PF_Mi_V_Tut\component\polarfire_syn_comps.v (2022-10-18 20:28:41, 2022-10-19 20:26:13) <-- (module definition)
170      work.HS_IO_CLK.verilog may have changed because the following files changed:
                        C:\Libero_Projects\PF_Mi_V_Tut\component\polarfire_syn_comps.v (2022-10-18 20:28:41, 2022-10-19 20:26:13) <-- (module definition)
171      work.ICB_BANKCLK.verilog may have changed because the following files changed:
                        C:\Libero_Projects\PF_Mi_V_Tut\component\polarfire_syn_comps.v (2022-10-18 20:28:41, 2022-10-19 20:26:13) <-- (module definition)
172      work.ICB_CLKDIV.verilog may have changed because the following files changed:
                        C:\Libero_Projects\PF_Mi_V_Tut\component\polarfire_syn_comps.v (2022-10-18 20:28:41, 2022-10-19 20:26:13) <-- (module definition)
173      work.ICB_CLKDIVDELAY.verilog may have changed because the following files changed:
                        C:\Libero_Projects\PF_Mi_V_Tut\component\polarfire_syn_comps.v (2022-10-18 20:28:41, 2022-10-19 20:26:13) <-- (module definition)
174      work.ICB_CLKINT.verilog may have changed because the following files changed:
                        C:\Libero_Projects\PF_Mi_V_Tut\component\polarfire_syn_comps.v (2022-10-18 20:28:41, 2022-10-19 20:26:13) <-- (module definition)
175      work.ICB_CLKSTOP.verilog may have changed because the following files changed:
                        C:\Libero_Projects\PF_Mi_V_Tut\component\polarfire_syn_comps.v (2022-10-18 20:28:41, 2022-10-19 20:26:13) <-- (module definition)
176      work.ICB_CLKSTOP_EN.verilog may have changed because the following files changed:
                        C:\Libero_Projects\PF_Mi_V_Tut\component\polarfire_syn_comps.v (2022-10-18 20:28:41, 2022-10-19 20:26:13) <-- (module definition)
177      work.ICB_INT.verilog may have changed because the following files changed:
                        C:\Libero_Projects\PF_Mi_V_Tut\component\polarfire_syn_comps.v (2022-10-18 20:28:41, 2022-10-19 20:26:13) <-- (module definition)
178      work.ICB_MUXING.verilog may have changed because the following files changed:
                        C:\Libero_Projects\PF_Mi_V_Tut\component\polarfire_syn_comps.v (2022-10-18 20:28:41, 2022-10-19 20:26:13) <-- (module definition)
179      work.ICB_NGMUX.verilog may have changed because the following files changed:
                        C:\Libero_Projects\PF_Mi_V_Tut\component\polarfire_syn_comps.v (2022-10-18 20:28:41, 2022-10-19 20:26:13) <-- (module definition)
180      work.INIT.verilog may have changed because the following files changed:
                        C:\Libero_Projects\PF_Mi_V_Tut\component\polarfire_syn_comps.v (2022-10-18 20:28:41, 2022-10-19 20:26:13) <-- (module definition)
183      work.IOD.verilog may have changed because the following files changed:
                        C:\Libero_Projects\PF_Mi_V_Tut\component\polarfire_syn_comps.v (2022-10-18 20:28:41, 2022-10-19 20:26:13) <-- (module definition)
185      work.LANECTRL.verilog may have changed because the following files changed:
                        C:\Libero_Projects\PF_Mi_V_Tut\component\polarfire_syn_comps.v (2022-10-18 20:28:41, 2022-10-19 20:26:13) <-- (module definition)
186      work.LANERST.verilog may have changed because the following files changed:
                        C:\Libero_Projects\PF_Mi_V_Tut\component\polarfire_syn_comps.v (2022-10-18 20:28:41, 2022-10-19 20:26:13) <-- (module definition)
192      work.OSC_RC160MHZ.verilog may have changed because the following files changed:
                        C:\Libero_Projects\PF_Mi_V_Tut\component\polarfire_syn_comps.v (2022-10-18 20:28:41, 2022-10-19 20:26:13) <-- (module definition)
193      work.OSC_RC200MHZ.verilog may have changed because the following files changed:
                        C:\Libero_Projects\PF_Mi_V_Tut\component\polarfire_syn_comps.v (2022-10-18 20:28:41, 2022-10-19 20:26:13) <-- (module definition)
194      work.OSC_RC2MHZ.verilog may have changed because the following files changed:
                        C:\Libero_Projects\PF_Mi_V_Tut\component\polarfire_syn_comps.v (2022-10-18 20:28:41, 2022-10-19 20:26:13) <-- (module definition)
195      work.PCIE.verilog may have changed because the following files changed:
                        C:\Libero_Projects\PF_Mi_V_Tut\component\polarfire_syn_comps.v (2022-10-18 20:28:41, 2022-10-19 20:26:13) <-- (module definition)
196      work.PCIE_COMMON.verilog may have changed because the following files changed:
                        C:\Libero_Projects\PF_Mi_V_Tut\component\polarfire_syn_comps.v (2022-10-18 20:28:41, 2022-10-19 20:26:13) <-- (module definition)
197      work.PFSOC_SCSM.verilog may have changed because the following files changed:
                        C:\Libero_Projects\PF_Mi_V_Tut\component\polarfire_syn_comps.v (2022-10-18 20:28:41, 2022-10-19 20:26:13) <-- (module definition)
199      work.PF_SPI.verilog may have changed because the following files changed:
                        C:\Libero_Projects\PF_Mi_V_Tut\component\polarfire_syn_comps.v (2022-10-18 20:28:41, 2022-10-19 20:26:13) <-- (module definition)
201      work.PLL.verilog may have changed because the following files changed:
                        C:\Libero_Projects\PF_Mi_V_Tut\component\polarfire_syn_comps.v (2022-10-18 20:28:41, 2022-10-19 20:26:13) <-- (module definition)
202      work.QUADRST.verilog may have changed because the following files changed:
                        C:\Libero_Projects\PF_Mi_V_Tut\component\polarfire_syn_comps.v (2022-10-18 20:28:41, 2022-10-19 20:26:13) <-- (module definition)
203      work.QUADRST_PCIE.verilog may have changed because the following files changed:
                        C:\Libero_Projects\PF_Mi_V_Tut\component\polarfire_syn_comps.v (2022-10-18 20:28:41, 2022-10-19 20:26:13) <-- (module definition)
207      work.SCB.verilog may have changed because the following files changed:
                        C:\Libero_Projects\PF_Mi_V_Tut\component\polarfire_syn_comps.v (2022-10-18 20:28:41, 2022-10-19 20:26:13) <-- (module definition)
209      work.SYSCTRL_RESET_STATUS.verilog may have changed because the following files changed:
                        C:\Libero_Projects\PF_Mi_V_Tut\component\polarfire_syn_comps.v (2022-10-18 20:28:41, 2022-10-19 20:26:13) <-- (module definition)
210      work.SYSRESET.verilog may have changed because the following files changed:
                        C:\Libero_Projects\PF_Mi_V_Tut\component\polarfire_syn_comps.v (2022-10-18 20:28:41, 2022-10-19 20:26:13) <-- (module definition)
211      work.SYS_SERVICES.verilog may have changed because the following files changed:
                        C:\Libero_Projects\PF_Mi_V_Tut\component\polarfire_syn_comps.v (2022-10-18 20:28:41, 2022-10-19 20:26:13) <-- (module definition)
212      work.TAMPER.verilog may have changed because the following files changed:
                        C:\Libero_Projects\PF_Mi_V_Tut\component\polarfire_syn_comps.v (2022-10-18 20:28:41, 2022-10-19 20:26:13) <-- (module definition)
216      work.TVS.verilog may have changed because the following files changed:
                        C:\Libero_Projects\PF_Mi_V_Tut\component\polarfire_syn_comps.v (2022-10-18 20:28:41, 2022-10-19 20:26:13) <-- (module definition)
217      work.TX_PLL.verilog may have changed because the following files changed:
                        C:\Libero_Projects\PF_Mi_V_Tut\component\polarfire_syn_comps.v (2022-10-18 20:28:41, 2022-10-19 20:26:13) <-- (module definition)
226      work.UPROM.verilog may have changed because the following files changed:
                        C:\Libero_Projects\PF_Mi_V_Tut\component\polarfire_syn_comps.v (2022-10-18 20:28:41, 2022-10-19 20:26:13) <-- (module definition)
227      work.USPI.verilog may have changed because the following files changed:
                        C:\Libero_Projects\PF_Mi_V_Tut\component\polarfire_syn_comps.v (2022-10-18 20:28:41, 2022-10-19 20:26:13) <-- (module definition)
228      work.VOLTAGEDETECT.verilog may have changed because the following files changed:
                        C:\Libero_Projects\PF_Mi_V_Tut\component\polarfire_syn_comps.v (2022-10-18 20:28:41, 2022-10-19 20:26:13) <-- (module definition)
229      work.VREFBANKDYN.verilog may have changed because the following files changed:
                        C:\Libero_Projects\PF_Mi_V_Tut\component\polarfire_syn_comps.v (2022-10-18 20:28:41, 2022-10-19 20:26:13) <-- (module definition)
230      work.VREFCTRL.verilog may have changed because the following files changed:
                        C:\Libero_Projects\PF_Mi_V_Tut\component\polarfire_syn_comps.v (2022-10-18 20:28:41, 2022-10-19 20:26:13) <-- (module definition)
234      work.XCVR.verilog may have changed because the following files changed:
                        C:\Libero_Projects\PF_Mi_V_Tut\component\polarfire_syn_comps.v (2022-10-18 20:28:41, 2022-10-19 20:26:13) <-- (module definition)
235      work.XCVR_64B6XB.verilog may have changed because the following files changed:
                        C:\Libero_Projects\PF_Mi_V_Tut\component\polarfire_syn_comps.v (2022-10-18 20:28:41, 2022-10-19 20:26:13) <-- (module definition)
236      work.XCVR_8B10B.verilog may have changed because the following files changed:
                        C:\Libero_Projects\PF_Mi_V_Tut\component\polarfire_syn_comps.v (2022-10-18 20:28:41, 2022-10-19 20:26:13) <-- (module definition)
237      work.XCVR_APB_LINK.verilog may have changed because the following files changed:
                        C:\Libero_Projects\PF_Mi_V_Tut\component\polarfire_syn_comps.v (2022-10-18 20:28:41, 2022-10-19 20:26:13) <-- (module definition)
238      work.XCVR_APB_LINK_V.verilog may have changed because the following files changed:
                        C:\Libero_Projects\PF_Mi_V_Tut\component\polarfire_syn_comps.v (2022-10-18 20:28:41, 2022-10-19 20:26:13) <-- (module definition)
239      work.XCVR_APB_LINK_V2.verilog may have changed because the following files changed:
                        C:\Libero_Projects\PF_Mi_V_Tut\component\polarfire_syn_comps.v (2022-10-18 20:28:41, 2022-10-19 20:26:13) <-- (module definition)
240      work.XCVR_DUAL_PCS.verilog may have changed because the following files changed:
                        C:\Libero_Projects\PF_Mi_V_Tut\component\polarfire_syn_comps.v (2022-10-18 20:28:41, 2022-10-19 20:26:13) <-- (module definition)
241      work.XCVR_PIPE.verilog may have changed because the following files changed:
                        C:\Libero_Projects\PF_Mi_V_Tut\component\polarfire_syn_comps.v (2022-10-18 20:28:41, 2022-10-19 20:26:13) <-- (module definition)
242      work.XCVR_PIPE_AXI0.verilog may have changed because the following files changed:
                        C:\Libero_Projects\PF_Mi_V_Tut\component\polarfire_syn_comps.v (2022-10-18 20:28:41, 2022-10-19 20:26:13) <-- (module definition)
243      work.XCVR_PIPE_AXI1.verilog may have changed because the following files changed:
                        C:\Libero_Projects\PF_Mi_V_Tut\component\polarfire_syn_comps.v (2022-10-18 20:28:41, 2022-10-19 20:26:13) <-- (module definition)
244      work.XCVR_PMA.verilog may have changed because the following files changed:
                        C:\Libero_Projects\PF_Mi_V_Tut\component\polarfire_syn_comps.v (2022-10-18 20:28:41, 2022-10-19 20:26:13) <-- (module definition)
245      work.XCVR_REF_CLK.verilog may have changed because the following files changed:
                        C:\Libero_Projects\PF_Mi_V_Tut\component\polarfire_syn_comps.v (2022-10-18 20:28:41, 2022-10-19 20:26:13) <-- (module definition)
246      work.XCVR_REF_CLK_N.verilog may have changed because the following files changed:
                        C:\Libero_Projects\PF_Mi_V_Tut\component\polarfire_syn_comps.v (2022-10-18 20:28:41, 2022-10-19 20:26:13) <-- (module definition)
247      work.XCVR_REF_CLK_P.verilog may have changed because the following files changed:
                        C:\Libero_Projects\PF_Mi_V_Tut\component\polarfire_syn_comps.v (2022-10-18 20:28:41, 2022-10-19 20:26:13) <-- (module definition)
248      work.XCVR_TEST.verilog may have changed because the following files changed:
                        C:\Libero_Projects\PF_Mi_V_Tut\component\polarfire_syn_comps.v (2022-10-18 20:28:41, 2022-10-19 20:26:13) <-- (module definition)
249      work.XCVR_VV.verilog may have changed because the following files changed:
                        C:\Libero_Projects\PF_Mi_V_Tut\component\polarfire_syn_comps.v (2022-10-18 20:28:41, 2022-10-19 20:26:13) <-- (module definition)

*******************************************************************
Unmodified files: 204
FID:  path (timestamp)
0        C:\Libero_Projects\PF_Mi_V_Tut\component\Actel\DirectCore\COREAXI4INTERCONNECT\2.8.103\rtl\vlog\core\Axi4Convertors\AHBL_Ctrl.v (2022-10-09 14:30:03)
1        C:\Libero_Projects\PF_Mi_V_Tut\component\Actel\DirectCore\COREAXI4INTERCONNECT\2.8.103\rtl\vlog\core\Axi4Convertors\AHB_SM.v (2022-10-09 14:30:03)
2        C:\Libero_Projects\PF_Mi_V_Tut\component\Actel\DirectCore\COREAXI4INTERCONNECT\2.8.103\rtl\vlog\core\Axi4Convertors\AXI4_Read_Ctrl.v (2022-10-09 14:30:03)
3        C:\Libero_Projects\PF_Mi_V_Tut\component\Actel\DirectCore\COREAXI4INTERCONNECT\2.8.103\rtl\vlog\core\Axi4Convertors\AXI4_Write_Ctrl.v (2022-10-09 14:30:03)
4        C:\Libero_Projects\PF_Mi_V_Tut\component\Actel\DirectCore\COREAXI4INTERCONNECT\2.8.103\rtl\vlog\core\Axi4Convertors\Bin2Gray.v (2022-10-09 14:30:03)
5        C:\Libero_Projects\PF_Mi_V_Tut\component\Actel\DirectCore\COREAXI4INTERCONNECT\2.8.103\rtl\vlog\core\Axi4Convertors\CDC_FIFO.v (2022-10-09 14:30:03)
6        C:\Libero_Projects\PF_Mi_V_Tut\component\Actel\DirectCore\COREAXI4INTERCONNECT\2.8.103\rtl\vlog\core\Axi4Convertors\CDC_grayCodeCounter.v (2022-10-09 14:30:03)
7        C:\Libero_Projects\PF_Mi_V_Tut\component\Actel\DirectCore\COREAXI4INTERCONNECT\2.8.103\rtl\vlog\core\Axi4Convertors\CDC_rdCtrl.v (2022-10-09 14:30:03)
8        C:\Libero_Projects\PF_Mi_V_Tut\component\Actel\DirectCore\COREAXI4INTERCONNECT\2.8.103\rtl\vlog\core\Axi4Convertors\CDC_wrCtrl.v (2022-10-09 14:30:03)
9        C:\Libero_Projects\PF_Mi_V_Tut\component\Actel\DirectCore\COREAXI4INTERCONNECT\2.8.103\rtl\vlog\core\Axi4Convertors\DWC_DownConv_CmdFifoWriteCtrl.v (2022-10-09 14:30:03)
10       C:\Libero_Projects\PF_Mi_V_Tut\component\Actel\DirectCore\COREAXI4INTERCONNECT\2.8.103\rtl\vlog\core\Axi4Convertors\DWC_DownConv_Hold_Reg_Rd.v (2022-10-09 14:30:03)
11       C:\Libero_Projects\PF_Mi_V_Tut\component\Actel\DirectCore\COREAXI4INTERCONNECT\2.8.103\rtl\vlog\core\Axi4Convertors\DWC_DownConv_Hold_Reg_Wr.v (2022-10-09 14:30:03)
12       C:\Libero_Projects\PF_Mi_V_Tut\component\Actel\DirectCore\COREAXI4INTERCONNECT\2.8.103\rtl\vlog\core\Axi4Convertors\DWC_DownConv_preCalcCmdFifoWrCtrl.v (2022-10-09 14:30:03)
13       C:\Libero_Projects\PF_Mi_V_Tut\component\Actel\DirectCore\COREAXI4INTERCONNECT\2.8.103\rtl\vlog\core\Axi4Convertors\DWC_DownConv_readWidthConv.v (2022-10-09 14:30:03)
14       C:\Libero_Projects\PF_Mi_V_Tut\component\Actel\DirectCore\COREAXI4INTERCONNECT\2.8.103\rtl\vlog\core\Axi4Convertors\DWC_DownConv_widthConvrd.v (2022-10-09 14:30:03)
15       C:\Libero_Projects\PF_Mi_V_Tut\component\Actel\DirectCore\COREAXI4INTERCONNECT\2.8.103\rtl\vlog\core\Axi4Convertors\DWC_DownConv_widthConvwr.v (2022-10-09 14:30:03)
16       C:\Libero_Projects\PF_Mi_V_Tut\component\Actel\DirectCore\COREAXI4INTERCONNECT\2.8.103\rtl\vlog\core\Axi4Convertors\DWC_DownConv_writeWidthConv.v (2022-10-09 14:30:03)
17       C:\Libero_Projects\PF_Mi_V_Tut\component\Actel\DirectCore\COREAXI4INTERCONNECT\2.8.103\rtl\vlog\core\Axi4Convertors\DWC_UpConv_AChannel.v (2022-10-09 14:30:03)
18       C:\Libero_Projects\PF_Mi_V_Tut\component\Actel\DirectCore\COREAXI4INTERCONNECT\2.8.103\rtl\vlog\core\Axi4Convertors\DWC_UpConv_BChannel.v (2022-10-09 14:30:03)
19       C:\Libero_Projects\PF_Mi_V_Tut\component\Actel\DirectCore\COREAXI4INTERCONNECT\2.8.103\rtl\vlog\core\Axi4Convertors\DWC_UpConv_RChan_Ctrl.v (2022-10-09 14:30:03)
20       C:\Libero_Projects\PF_Mi_V_Tut\component\Actel\DirectCore\COREAXI4INTERCONNECT\2.8.103\rtl\vlog\core\Axi4Convertors\DWC_UpConv_RChannel.v (2022-10-09 14:30:03)
21       C:\Libero_Projects\PF_Mi_V_Tut\component\Actel\DirectCore\COREAXI4INTERCONNECT\2.8.103\rtl\vlog\core\Axi4Convertors\DWC_UpConv_RChannel_SlvRid_Arb.v (2022-10-09 14:30:03)
22       C:\Libero_Projects\PF_Mi_V_Tut\component\Actel\DirectCore\COREAXI4INTERCONNECT\2.8.103\rtl\vlog\core\Axi4Convertors\DWC_UpConv_WChan_Hold_Reg.v (2022-10-09 14:30:03)
23       C:\Libero_Projects\PF_Mi_V_Tut\component\Actel\DirectCore\COREAXI4INTERCONNECT\2.8.103\rtl\vlog\core\Axi4Convertors\DWC_UpConv_WChan_ReadDataFifoCtrl.v (2022-10-09 14:30:03)
24       C:\Libero_Projects\PF_Mi_V_Tut\component\Actel\DirectCore\COREAXI4INTERCONNECT\2.8.103\rtl\vlog\core\Axi4Convertors\DWC_UpConv_WChannel.v (2022-10-09 14:30:03)
25       C:\Libero_Projects\PF_Mi_V_Tut\component\Actel\DirectCore\COREAXI4INTERCONNECT\2.8.103\rtl\vlog\core\Axi4Convertors\DWC_UpConv_Wchan_WriteDataFifoCtrl.v (2022-10-09 14:30:03)
26       C:\Libero_Projects\PF_Mi_V_Tut\component\Actel\DirectCore\COREAXI4INTERCONNECT\2.8.103\rtl\vlog\core\Axi4Convertors\DWC_UpConv_preCalcAChannel.v (2022-10-09 14:30:03)
27       C:\Libero_Projects\PF_Mi_V_Tut\component\Actel\DirectCore\COREAXI4INTERCONNECT\2.8.103\rtl\vlog\core\Axi4Convertors\DWC_UpConv_preCalcRChan_Ctrl.v (2022-10-09 14:30:03)
28       C:\Libero_Projects\PF_Mi_V_Tut\component\Actel\DirectCore\COREAXI4INTERCONNECT\2.8.103\rtl\vlog\core\Axi4Convertors\DWC_brespCtrl.v (2022-10-09 14:30:03)
29       C:\Libero_Projects\PF_Mi_V_Tut\component\Actel\DirectCore\COREAXI4INTERCONNECT\2.8.103\rtl\vlog\core\Axi4Convertors\DownConverter.v (2022-10-09 14:30:03)
30       C:\Libero_Projects\PF_Mi_V_Tut\component\Actel\DirectCore\COREAXI4INTERCONNECT\2.8.103\rtl\vlog\core\Axi4Convertors\FIFO.v (2022-10-09 14:30:03)
31       C:\Libero_Projects\PF_Mi_V_Tut\component\Actel\DirectCore\COREAXI4INTERCONNECT\2.8.103\rtl\vlog\core\Axi4Convertors\FIFO_CTRL.v (2022-10-09 14:30:03)
32       C:\Libero_Projects\PF_Mi_V_Tut\component\Actel\DirectCore\COREAXI4INTERCONNECT\2.8.103\rtl\vlog\core\Axi4Convertors\FIFO_downsizing.v (2022-10-09 14:30:03)
33       C:\Libero_Projects\PF_Mi_V_Tut\component\Actel\DirectCore\COREAXI4INTERCONNECT\2.8.103\rtl\vlog\core\Axi4Convertors\FIFO_upsizing.v (2022-10-09 14:30:03)
34       C:\Libero_Projects\PF_Mi_V_Tut\component\Actel\DirectCore\COREAXI4INTERCONNECT\2.8.103\rtl\vlog\core\Axi4Convertors\Hold_Reg_Ctrl.v (2022-10-09 14:30:03)
35       C:\Libero_Projects\PF_Mi_V_Tut\component\Actel\DirectCore\COREAXI4INTERCONNECT\2.8.103\rtl\vlog\core\Axi4Convertors\MasterConvertor.v (2022-10-09 14:30:03)
36       C:\Libero_Projects\PF_Mi_V_Tut\component\Actel\DirectCore\COREAXI4INTERCONNECT\2.8.103\rtl\vlog\core\Axi4Convertors\MstrAHBtoAXI4Converter.v (2022-10-09 14:30:03)
37       C:\Libero_Projects\PF_Mi_V_Tut\component\Actel\DirectCore\COREAXI4INTERCONNECT\2.8.103\rtl\vlog\core\Axi4Convertors\MstrClockDomainCrossing.v (2022-10-09 14:30:03)
38       C:\Libero_Projects\PF_Mi_V_Tut\component\Actel\DirectCore\COREAXI4INTERCONNECT\2.8.103\rtl\vlog\core\Axi4Convertors\MstrDataWidthConv.v (2022-10-09 14:30:03)
39       C:\Libero_Projects\PF_Mi_V_Tut\component\Actel\DirectCore\COREAXI4INTERCONNECT\2.8.103\rtl\vlog\core\Axi4Convertors\MstrProtocolConverter.v (2022-10-09 14:30:03)
40       C:\Libero_Projects\PF_Mi_V_Tut\component\Actel\DirectCore\COREAXI4INTERCONNECT\2.8.103\rtl\vlog\core\Axi4Convertors\RAM_BLOCK.v (2022-10-09 14:30:03)
41       C:\Libero_Projects\PF_Mi_V_Tut\component\Actel\DirectCore\COREAXI4INTERCONNECT\2.8.103\rtl\vlog\core\Axi4Convertors\RegSliceFull.v (2022-10-09 14:30:03)
42       C:\Libero_Projects\PF_Mi_V_Tut\component\Actel\DirectCore\COREAXI4INTERCONNECT\2.8.103\rtl\vlog\core\Axi4Convertors\RegisterSlice.v (2022-10-09 14:30:03)
43       C:\Libero_Projects\PF_Mi_V_Tut\component\Actel\DirectCore\COREAXI4INTERCONNECT\2.8.103\rtl\vlog\core\Axi4Convertors\SlaveConvertor.v (2022-10-09 14:30:03)
44       C:\Libero_Projects\PF_Mi_V_Tut\component\Actel\DirectCore\COREAXI4INTERCONNECT\2.8.103\rtl\vlog\core\Axi4Convertors\SlvAxi4ProtConvAXI4ID.v (2022-10-09 14:30:03)
45       C:\Libero_Projects\PF_Mi_V_Tut\component\Actel\DirectCore\COREAXI4INTERCONNECT\2.8.103\rtl\vlog\core\Axi4Convertors\SlvAxi4ProtConvRead.v (2022-10-09 14:30:03)
46       C:\Libero_Projects\PF_Mi_V_Tut\component\Actel\DirectCore\COREAXI4INTERCONNECT\2.8.103\rtl\vlog\core\Axi4Convertors\SlvAxi4ProtConvWrite.v (2022-10-09 14:30:03)
47       C:\Libero_Projects\PF_Mi_V_Tut\component\Actel\DirectCore\COREAXI4INTERCONNECT\2.8.103\rtl\vlog\core\Axi4Convertors\SlvAxi4ProtocolConv.v (2022-10-09 14:30:03)
48       C:\Libero_Projects\PF_Mi_V_Tut\component\Actel\DirectCore\COREAXI4INTERCONNECT\2.8.103\rtl\vlog\core\Axi4Convertors\SlvClockDomainCrossing.v (2022-10-09 14:30:03)
49       C:\Libero_Projects\PF_Mi_V_Tut\component\Actel\DirectCore\COREAXI4INTERCONNECT\2.8.103\rtl\vlog\core\Axi4Convertors\SlvDataWidthConverter.v (2022-10-09 14:30:03)
50       C:\Libero_Projects\PF_Mi_V_Tut\component\Actel\DirectCore\COREAXI4INTERCONNECT\2.8.103\rtl\vlog\core\Axi4Convertors\SlvProtocolConverter.v (2022-10-09 14:30:03)
51       C:\Libero_Projects\PF_Mi_V_Tut\component\Actel\DirectCore\COREAXI4INTERCONNECT\2.8.103\rtl\vlog\core\Axi4Convertors\UpConverter.v (2022-10-09 14:30:03)
52       C:\Libero_Projects\PF_Mi_V_Tut\component\Actel\DirectCore\COREAXI4INTERCONNECT\2.8.103\rtl\vlog\core\Axi4Convertors\byte2bit.v (2022-10-09 14:30:03)
53       C:\Libero_Projects\PF_Mi_V_Tut\component\Actel\DirectCore\COREAXI4INTERCONNECT\2.8.103\rtl\vlog\core\Axi4CrossBar\AddressController.v (2022-10-09 14:30:03)
54       C:\Libero_Projects\PF_Mi_V_Tut\component\Actel\DirectCore\COREAXI4INTERCONNECT\2.8.103\rtl\vlog\core\Axi4CrossBar\Axi4CrossBar.v (2022-10-09 14:30:03)
55       C:\Libero_Projects\PF_Mi_V_Tut\component\Actel\DirectCore\COREAXI4INTERCONNECT\2.8.103\rtl\vlog\core\Axi4CrossBar\BitScan0.v (2022-10-09 14:30:03)
56       C:\Libero_Projects\PF_Mi_V_Tut\component\Actel\DirectCore\COREAXI4INTERCONNECT\2.8.103\rtl\vlog\core\Axi4CrossBar\DERR_Slave.v (2022-10-09 14:30:03)
57       C:\Libero_Projects\PF_Mi_V_Tut\component\Actel\DirectCore\COREAXI4INTERCONNECT\2.8.103\rtl\vlog\core\Axi4CrossBar\DependenceChecker.v (2022-10-09 14:30:03)
58       C:\Libero_Projects\PF_Mi_V_Tut\component\Actel\DirectCore\COREAXI4INTERCONNECT\2.8.103\rtl\vlog\core\Axi4CrossBar\DualPort_FF_SyncWr_SyncRd.v (2022-10-09 14:30:03)
59       C:\Libero_Projects\PF_Mi_V_Tut\component\Actel\DirectCore\COREAXI4INTERCONNECT\2.8.103\rtl\vlog\core\Axi4CrossBar\DualPort_Ram_SyncWr_SyncRd.v (2022-10-09 14:30:03)
60       C:\Libero_Projects\PF_Mi_V_Tut\component\Actel\DirectCore\COREAXI4INTERCONNECT\2.8.103\rtl\vlog\core\Axi4CrossBar\FifoDualPort.v (2022-10-09 14:30:03)
61       C:\Libero_Projects\PF_Mi_V_Tut\component\Actel\DirectCore\COREAXI4INTERCONNECT\2.8.103\rtl\vlog\core\Axi4CrossBar\MasterAddressDecoder.v (2022-10-09 14:30:03)
62       C:\Libero_Projects\PF_Mi_V_Tut\component\Actel\DirectCore\COREAXI4INTERCONNECT\2.8.103\rtl\vlog\core\Axi4CrossBar\MasterControl.v (2022-10-09 14:30:03)
63       C:\Libero_Projects\PF_Mi_V_Tut\component\Actel\DirectCore\COREAXI4INTERCONNECT\2.8.103\rtl\vlog\core\Axi4CrossBar\RDataController.v (2022-10-09 14:30:03)
64       C:\Libero_Projects\PF_Mi_V_Tut\component\Actel\DirectCore\COREAXI4INTERCONNECT\2.8.103\rtl\vlog\core\Axi4CrossBar\RdFifoDualPort.v (2022-10-09 14:30:03)
65       C:\Libero_Projects\PF_Mi_V_Tut\component\Actel\DirectCore\COREAXI4INTERCONNECT\2.8.103\rtl\vlog\core\Axi4CrossBar\ReadDataController.v (2022-10-09 14:30:03)
66       C:\Libero_Projects\PF_Mi_V_Tut\component\Actel\DirectCore\COREAXI4INTERCONNECT\2.8.103\rtl\vlog\core\Axi4CrossBar\ReadDataMux.v (2022-10-09 14:30:03)
67       C:\Libero_Projects\PF_Mi_V_Tut\component\Actel\DirectCore\COREAXI4INTERCONNECT\2.8.103\rtl\vlog\core\Axi4CrossBar\RequestQual.v (2022-10-09 14:30:03)
68       C:\Libero_Projects\PF_Mi_V_Tut\component\Actel\DirectCore\COREAXI4INTERCONNECT\2.8.103\rtl\vlog\core\Axi4CrossBar\ResetSycnc.v (2022-10-09 14:30:03)
69       C:\Libero_Projects\PF_Mi_V_Tut\component\Actel\DirectCore\COREAXI4INTERCONNECT\2.8.103\rtl\vlog\core\Axi4CrossBar\RespController.v (2022-10-09 14:30:03)
70       C:\Libero_Projects\PF_Mi_V_Tut\component\Actel\DirectCore\COREAXI4INTERCONNECT\2.8.103\rtl\vlog\core\Axi4CrossBar\Revision.v (2022-10-09 14:30:03)
71       C:\Libero_Projects\PF_Mi_V_Tut\component\Actel\DirectCore\COREAXI4INTERCONNECT\2.8.103\rtl\vlog\core\Axi4CrossBar\RoundRobinArb.v (2022-10-09 14:30:03)
72       C:\Libero_Projects\PF_Mi_V_Tut\component\Actel\DirectCore\COREAXI4INTERCONNECT\2.8.103\rtl\vlog\core\Axi4CrossBar\SlaveDataMuxController.v (2022-10-09 14:30:03)
73       C:\Libero_Projects\PF_Mi_V_Tut\component\Actel\DirectCore\COREAXI4INTERCONNECT\2.8.103\rtl\vlog\core\Axi4CrossBar\TargetMuxController.v (2022-10-09 14:30:03)
74       C:\Libero_Projects\PF_Mi_V_Tut\component\Actel\DirectCore\COREAXI4INTERCONNECT\2.8.103\rtl\vlog\core\Axi4CrossBar\TransactionController.v (2022-10-09 14:30:03)
75       C:\Libero_Projects\PF_Mi_V_Tut\component\Actel\DirectCore\COREAXI4INTERCONNECT\2.8.103\rtl\vlog\core\Axi4CrossBar\WDataController.v (2022-10-09 14:30:03)
76       C:\Libero_Projects\PF_Mi_V_Tut\component\Actel\DirectCore\COREAXI4INTERCONNECT\2.8.103\rtl\vlog\core\Axi4CrossBar\WriteDataMux.v (2022-10-09 14:30:03)
77       C:\Libero_Projects\PF_Mi_V_Tut\component\Actel\DirectCore\COREAXI4INTERCONNECT\2.8.103\rtl\vlog\core\CoreAxi4Interconnect.v (2022-10-09 14:30:03)
78       C:\Libero_Projects\PF_Mi_V_Tut\component\Actel\DirectCore\COREDDR_TIP\2.1.101\rtl\vlog\core\APB_IF.v (2022-10-09 14:40:05)
79       C:\Libero_Projects\PF_Mi_V_Tut\component\Actel\DirectCore\COREDDR_TIP\2.1.101\rtl\vlog\core\APB_IOG_CTRL_SM.v (2022-10-09 14:40:05)
80       C:\Libero_Projects\PF_Mi_V_Tut\component\Actel\DirectCore\COREDDR_TIP\2.1.101\rtl\vlog\core\CoreDDR_TIP_INT.v (2022-10-09 14:40:05)
81       C:\Libero_Projects\PF_Mi_V_Tut\component\Actel\DirectCore\COREDDR_TIP\2.1.101\rtl\vlog\core\CoreDDR_TIP_SYN.v (2022-10-09 14:40:05)
82       C:\Libero_Projects\PF_Mi_V_Tut\component\Actel\DirectCore\COREDDR_TIP\2.1.101\rtl\vlog\core\DELAY_CTRL.v (2022-10-09 14:40:05)
83       C:\Libero_Projects\PF_Mi_V_Tut\component\Actel\DirectCore\COREDDR_TIP\2.1.101\rtl\vlog\core\DLL_MON.v (2022-10-09 14:40:05)
84       C:\Libero_Projects\PF_Mi_V_Tut\component\Actel\DirectCore\COREDDR_TIP\2.1.101\rtl\vlog\core\FIFO_BLK.v (2022-10-09 14:40:05)
85       C:\Libero_Projects\PF_Mi_V_Tut\component\Actel\DirectCore\COREDDR_TIP\2.1.101\rtl\vlog\core\IOG_IF.v (2022-10-09 14:40:05)
86       C:\Libero_Projects\PF_Mi_V_Tut\component\Actel\DirectCore\COREDDR_TIP\2.1.101\rtl\vlog\core\LANE_ALIGNMENT.v (2022-10-09 14:40:05)
87       C:\Libero_Projects\PF_Mi_V_Tut\component\Actel\DirectCore\COREDDR_TIP\2.1.101\rtl\vlog\core\LANE_CTRL.v (2022-10-09 14:40:05)
88       C:\Libero_Projects\PF_Mi_V_Tut\component\Actel\DirectCore\COREDDR_TIP\2.1.101\rtl\vlog\core\LEVELLING.v (2022-10-09 14:40:05)
89       C:\Libero_Projects\PF_Mi_V_Tut\component\Actel\DirectCore\COREDDR_TIP\2.1.101\rtl\vlog\core\PHY_SIG_MOD.v (2022-10-09 14:40:05)
90       C:\Libero_Projects\PF_Mi_V_Tut\component\Actel\DirectCore\COREDDR_TIP\2.1.101\rtl\vlog\core\RDLVL.v (2022-10-09 14:40:05)
91       C:\Libero_Projects\PF_Mi_V_Tut\component\Actel\DirectCore\COREDDR_TIP\2.1.101\rtl\vlog\core\RDLVL_SMS.v (2022-10-09 14:40:05)
92       C:\Libero_Projects\PF_Mi_V_Tut\component\Actel\DirectCore\COREDDR_TIP\2.1.101\rtl\vlog\core\RDLVL_TRAIN.v (2022-10-09 14:40:05)
93       C:\Libero_Projects\PF_Mi_V_Tut\component\Actel\DirectCore\COREDDR_TIP\2.1.101\rtl\vlog\core\TIP_CTRL_BLK.v (2022-10-09 14:40:05)
94       C:\Libero_Projects\PF_Mi_V_Tut\component\Actel\DirectCore\COREDDR_TIP\2.1.101\rtl\vlog\core\TRN_CLK.v (2022-10-09 14:40:05)
95       C:\Libero_Projects\PF_Mi_V_Tut\component\Actel\DirectCore\COREDDR_TIP\2.1.101\rtl\vlog\core\TRN_COMPLETE.v (2022-10-09 14:40:05)
96       C:\Libero_Projects\PF_Mi_V_Tut\component\Actel\DirectCore\COREDDR_TIP\2.1.101\rtl\vlog\core\VREF_TR.v (2022-10-09 14:40:05)
97       C:\Libero_Projects\PF_Mi_V_Tut\component\Actel\DirectCore\COREDDR_TIP\2.1.101\rtl\vlog\core\WRLVL.v (2022-10-09 14:40:05)
98       C:\Libero_Projects\PF_Mi_V_Tut\component\Actel\DirectCore\COREDDR_TIP\2.1.101\rtl\vlog\core\WRLVL_BOT.v (2022-10-09 14:40:05)
99       C:\Libero_Projects\PF_Mi_V_Tut\component\Actel\DirectCore\COREDDR_TIP\2.1.101\rtl\vlog\core\ddr4_vref.v (2022-10-09 14:40:05)
100      C:\Libero_Projects\PF_Mi_V_Tut\component\Actel\DirectCore\COREDDR_TIP\2.1.101\rtl\vlog\core\ddr_init_iterator.v (2022-10-09 14:40:05)
101      C:\Libero_Projects\PF_Mi_V_Tut\component\Actel\DirectCore\COREDDR_TIP\2.1.101\rtl\vlog\core\dq_align_dqs_optimization.v (2022-10-09 14:40:05)
102      C:\Libero_Projects\PF_Mi_V_Tut\component\Actel\DirectCore\COREDDR_TIP\2.1.101\rtl\vlog\core\flag_generator.v (2022-10-09 14:40:05)
103      C:\Libero_Projects\PF_Mi_V_Tut\component\Actel\DirectCore\COREDDR_TIP\2.1.101\rtl\vlog\core\gate_training.v (2022-10-09 14:40:05)
104      C:\Libero_Projects\PF_Mi_V_Tut\component\Actel\DirectCore\COREDDR_TIP\2.1.101\rtl\vlog\core\ram_simple_dp.v (2022-10-09 14:40:05)
105      C:\Libero_Projects\PF_Mi_V_Tut\component\Actel\DirectCore\COREDDR_TIP\2.1.101\rtl\vlog\core\register_bank.v (2022-10-09 14:40:05)
106      C:\Libero_Projects\PF_Mi_V_Tut\component\Actel\DirectCore\COREDDR_TIP\2.1.101\rtl\vlog\core\trn_bclksclk.v (2022-10-09 14:40:05)
107      C:\Libero_Projects\PF_Mi_V_Tut\component\Actel\DirectCore\COREDDR_TIP\2.1.101\rtl\vlog\core\trn_cmdaddr.v (2022-10-09 14:40:05)
108      C:\Libero_Projects\PF_Mi_V_Tut\component\Actel\DirectCore\COREDDR_TIP\2.1.101\rtl\vlog\core\trn_dqsw.v (2022-10-09 14:40:05)
109      C:\Libero_Projects\PF_Mi_V_Tut\component\Actel\DirectCore\COREDDR_TIP\2.1.101\rtl\vlog\core\write_callibrator.v (2022-10-09 14:40:05)
110      C:\Libero_Projects\PF_Mi_V_Tut\component\Actel\DirectCore\COREJTAGDEBUG\4.0.100\core\corejtagdebug.v (2022-10-09 21:15:33)
111      C:\Libero_Projects\PF_Mi_V_Tut\component\Actel\DirectCore\COREJTAGDEBUG\4.0.100\core\corejtagdebug_bufd.v (2022-10-09 21:15:33)
112      C:\Libero_Projects\PF_Mi_V_Tut\component\Actel\DirectCore\COREJTAGDEBUG\4.0.100\core\corejtagdebug_uj_jtag.v (2022-10-09 21:15:33)
113      C:\Libero_Projects\PF_Mi_V_Tut\component\Actel\DirectCore\COREJTAGDEBUG\4.0.100\core\corejtagdebug_ujtag_wrapper.v (2022-10-09 21:15:33)
114      C:\Libero_Projects\PF_Mi_V_Tut\component\Actel\DirectCore\CORESPI\5.2.104\rtl\vlog\core\corespi.v (2022-10-09 21:01:50)
115      C:\Libero_Projects\PF_Mi_V_Tut\component\Actel\DirectCore\CORESPI\5.2.104\rtl\vlog\core\spi.v (2022-10-09 21:01:50)
116      C:\Libero_Projects\PF_Mi_V_Tut\component\Actel\DirectCore\CORESPI\5.2.104\rtl\vlog\core\spi_chanctrl.v (2022-10-09 21:01:50)
117      C:\Libero_Projects\PF_Mi_V_Tut\component\Actel\DirectCore\CORESPI\5.2.104\rtl\vlog\core\spi_clockmux.v (2022-10-09 21:01:50)
118      C:\Libero_Projects\PF_Mi_V_Tut\component\Actel\DirectCore\CORESPI\5.2.104\rtl\vlog\core\spi_control.v (2022-10-09 21:01:50)
119      C:\Libero_Projects\PF_Mi_V_Tut\component\Actel\DirectCore\CORESPI\5.2.104\rtl\vlog\core\spi_fifo.v (2022-10-09 21:01:50)
120      C:\Libero_Projects\PF_Mi_V_Tut\component\Actel\DirectCore\CORESPI\5.2.104\rtl\vlog\core\spi_rf.v (2022-10-09 21:01:50)
121      C:\Libero_Projects\PF_Mi_V_Tut\component\Actel\DirectCore\CoreAPB3\4.2.100\rtl\vlog\core\coreapb3.v (2022-10-09 18:00:43)
122      C:\Libero_Projects\PF_Mi_V_Tut\component\Actel\DirectCore\CoreAPB3\4.2.100\rtl\vlog\core\coreapb3_iaddr_reg.v (2022-10-09 18:00:43)
123      C:\Libero_Projects\PF_Mi_V_Tut\component\Actel\DirectCore\CoreAPB3\4.2.100\rtl\vlog\core\coreapb3_muxptob3.v (2022-10-09 18:00:43)
124      C:\Libero_Projects\PF_Mi_V_Tut\component\Actel\SgCore\PF_DDR_CFG_INIT\1.0.100\cfg_init.v (2022-10-09 14:40:15)
125      C:\Libero_Projects\PF_Mi_V_Tut\component\Microsemi\MiV\MIV_RV32\3.0.100\core_merged\miv_rv32_core_merged.v (2022-10-09 14:17:37)
126      C:\Libero_Projects\PF_Mi_V_Tut\component\Microsemi\MiV\MIV_RV32\3.0.100\miv_rv32_bist_seq_pkg.v (2022-10-09 14:17:37)
127      C:\Libero_Projects\PF_Mi_V_Tut\component\Microsemi\MiV\MIV_RV32\3.0.100\miv_rv32_bist_shared_pkg.v (2022-10-09 14:17:37)
128      C:\Libero_Projects\PF_Mi_V_Tut\component\Microsemi\MiV\MIV_RV32\3.0.100\miv_rv32_core_cfg_pkg.v (2022-10-09 14:17:37)
129      C:\Libero_Projects\PF_Mi_V_Tut\component\Microsemi\MiV\MIV_RV32\3.0.100\miv_rv32_mnemonics_pkg.v (2022-10-09 14:17:37)
130      C:\Libero_Projects\PF_Mi_V_Tut\component\Microsemi\MiV\MIV_RV32\3.0.100\miv_rv32_opsrv_cfg_pkg.v (2022-10-09 14:17:37)
131      C:\Libero_Projects\PF_Mi_V_Tut\component\Microsemi\MiV\MIV_RV32\3.0.100\miv_rv32_opsrv_debug_pkg.v (2022-10-09 14:17:37)
132      C:\Libero_Projects\PF_Mi_V_Tut\component\Microsemi\MiV\MIV_RV32\3.0.100\miv_rv32_opsrv_pkg.v (2022-10-09 14:17:37)
133      C:\Libero_Projects\PF_Mi_V_Tut\component\Microsemi\MiV\MIV_RV32\3.0.100\miv_rv32_pkg.v (2022-10-09 14:17:37)
134      C:\Libero_Projects\PF_Mi_V_Tut\component\Microsemi\MiV\MIV_RV32\3.0.100\opsrv\miv_rv32_ram_singleport_lp.v (2022-10-09 14:17:37)
135      C:\Libero_Projects\PF_Mi_V_Tut\component\Microsemi\MiV\MIV_RV32\3.0.100\opsrv\miv_rv32_ram_singleport_lp_ecc.v (2022-10-09 14:17:37)
136      C:\Libero_Projects\PF_Mi_V_Tut\component\Microsemi\MiV\MIV_RV32\3.0.100\opsrv_merged\miv_rv32_opsrv_merged.v (2022-10-09 14:17:37)
138      C:\Libero_Projects\PF_Mi_V_Tut\component\work\APB3\APB3.v (2022-10-16 18:41:29)
139      C:\Libero_Projects\PF_Mi_V_Tut\component\work\Axi4Interconnect\Axi4Interconnect.v (2022-10-11 16:03:04)
140      C:\Libero_Projects\PF_Mi_V_Tut\component\work\CCC_C0\CCC_C0.v (2022-10-11 16:20:42)
141      C:\Libero_Projects\PF_Mi_V_Tut\component\work\CCC_C0\CCC_C0_0\CCC_C0_CCC_C0_0_PF_CCC.v (2022-10-11 16:20:42)
142      C:\Libero_Projects\PF_Mi_V_Tut\component\work\COREJTAGDEBUG_0\COREJTAGDEBUG_0.v (2022-10-09 21:15:33)
143      C:\Libero_Projects\PF_Mi_V_Tut\component\work\CoreGPIO_0\CoreGPIO_0.v (2022-10-11 16:16:18)
144      C:\Libero_Projects\PF_Mi_V_Tut\component\work\CoreGPIO_0\CoreGPIO_0_0\rtl\vlog\core\coregpio.v (2022-10-11 16:16:18)
145      C:\Libero_Projects\PF_Mi_V_Tut\component\work\DDR3_0\CCC_0\DDR3_0_CCC_0_PF_CCC.v (2022-10-11 16:07:26)
146      C:\Libero_Projects\PF_Mi_V_Tut\component\work\DDR3_0\DDR3_0.v (2022-10-11 16:07:27)
147      C:\Libero_Projects\PF_Mi_V_Tut\component\work\DDR3_0\DDRCTRL_0\CoreDDRMemCtrlr_0.v (2022-10-11 16:07:27)
148      C:\Libero_Projects\PF_Mi_V_Tut\component\work\DDR3_0\DDRCTRL_0\sdram_lb_defines_0.v (2022-10-11 16:07:26)
149      C:\Libero_Projects\PF_Mi_V_Tut\component\work\DDR3_0\DLL_0\DDR3_0_DLL_0_PF_CCC.v (2022-10-11 16:07:27)
150      C:\Libero_Projects\PF_Mi_V_Tut\component\work\DDR3_0_DDRPHY_BLK\DDR3_0_DDRPHY_BLK.v (2022-10-11 16:07:22)
151      C:\Libero_Projects\PF_Mi_V_Tut\component\work\DDR3_0_DDRPHY_BLK\IOD_A_11_0\DDR3_0_DDRPHY_BLK_IOD_A_11_0_PF_IOD.v (2022-10-11 16:07:12)
152      C:\Libero_Projects\PF_Mi_V_Tut\component\work\DDR3_0_DDRPHY_BLK\IOD_A_12\DDR3_0_DDRPHY_BLK_IOD_A_12_PF_IOD.v (2022-10-11 16:07:13)
153      C:\Libero_Projects\PF_Mi_V_Tut\component\work\DDR3_0_DDRPHY_BLK\IOD_A_13\DDR3_0_DDRPHY_BLK_IOD_A_13_PF_IOD.v (2022-10-11 16:07:13)
154      C:\Libero_Projects\PF_Mi_V_Tut\component\work\DDR3_0_DDRPHY_BLK\IOD_A_14\DDR3_0_DDRPHY_BLK_IOD_A_14_PF_IOD.v (2022-10-11 16:07:13)
155      C:\Libero_Projects\PF_Mi_V_Tut\component\work\DDR3_0_DDRPHY_BLK\IOD_A_15\DDR3_0_DDRPHY_BLK_IOD_A_15_PF_IOD.v (2022-10-11 16:07:14)
156      C:\Libero_Projects\PF_Mi_V_Tut\component\work\DDR3_0_DDRPHY_BLK\IOD_BA\DDR3_0_DDRPHY_BLK_IOD_BA_PF_IOD.v (2022-10-11 16:07:14)
157      C:\Libero_Projects\PF_Mi_V_Tut\component\work\DDR3_0_DDRPHY_BLK\IOD_BCLK_TRAINING\DDR3_0_DDRPHY_BLK_IOD_BCLK_TRAINING_PF_IOD.v (2022-10-11 16:07:14)
158      C:\Libero_Projects\PF_Mi_V_Tut\component\work\DDR3_0_DDRPHY_BLK\IOD_CAS_N\DDR3_0_DDRPHY_BLK_IOD_CAS_N_PF_IOD.v (2022-10-11 16:07:15)
159      C:\Libero_Projects\PF_Mi_V_Tut\component\work\DDR3_0_DDRPHY_BLK\IOD_CKE\DDR3_0_DDRPHY_BLK_IOD_CKE_PF_IOD.v (2022-10-11 16:07:15)
160      C:\Libero_Projects\PF_Mi_V_Tut\component\work\DDR3_0_DDRPHY_BLK\IOD_CS_N\DDR3_0_DDRPHY_BLK_IOD_CS_N_PF_IOD.v (2022-10-11 16:07:15)
161      C:\Libero_Projects\PF_Mi_V_Tut\component\work\DDR3_0_DDRPHY_BLK\IOD_ODT\DDR3_0_DDRPHY_BLK_IOD_ODT_PF_IOD.v (2022-10-11 16:07:16)
162      C:\Libero_Projects\PF_Mi_V_Tut\component\work\DDR3_0_DDRPHY_BLK\IOD_RAS_N\DDR3_0_DDRPHY_BLK_IOD_RAS_N_PF_IOD.v (2022-10-11 16:07:16)
163      C:\Libero_Projects\PF_Mi_V_Tut\component\work\DDR3_0_DDRPHY_BLK\IOD_REF_CLK_TRAINING\DDR3_0_DDRPHY_BLK_IOD_REF_CLK_TRAINING_PF_IOD.v (2022-10-11 16:07:16)
164      C:\Libero_Projects\PF_Mi_V_Tut\component\work\DDR3_0_DDRPHY_BLK\IOD_RESET_N\DDR3_0_DDRPHY_BLK_IOD_RESET_N_PF_IOD.v (2022-10-11 16:07:17)
165      C:\Libero_Projects\PF_Mi_V_Tut\component\work\DDR3_0_DDRPHY_BLK\IOD_WE_N\DDR3_0_DDRPHY_BLK_IOD_WE_N_PF_IOD.v (2022-10-11 16:07:17)
166      C:\Libero_Projects\PF_Mi_V_Tut\component\work\DDR3_0_DDRPHY_BLK\LANECTRL_ADDR_CMD_0\DDR3_0_DDRPHY_BLK_LANECTRL_ADDR_CMD_0_PF_LANECTRL.v (2022-10-11 16:07:21)
167      C:\Libero_Projects\PF_Mi_V_Tut\component\work\DDR3_0_DDRPHY_BLK\LANECTRL_ADDR_CMD_0\PF_LANECTRL_PAUSE_SYNC.v (2022-10-11 16:07:21)
168      C:\Libero_Projects\PF_Mi_V_Tut\component\work\DDR3_0_DDRPHY_BLK\LANE_0_CTRL\DDR3_0_DDRPHY_BLK_LANE_0_CTRL_PF_LANECTRL.v (2022-10-11 16:07:17)
169      C:\Libero_Projects\PF_Mi_V_Tut\component\work\DDR3_0_DDRPHY_BLK\LANE_0_CTRL\PF_LANECTRL_PAUSE_SYNC.v (2022-10-11 16:07:17)
170      C:\Libero_Projects\PF_Mi_V_Tut\component\work\DDR3_0_DDRPHY_BLK\LANE_0_IOD_DM\DDR3_0_DDRPHY_BLK_LANE_0_IOD_DM_PF_IOD.v (2022-10-11 16:07:18)
171      C:\Libero_Projects\PF_Mi_V_Tut\component\work\DDR3_0_DDRPHY_BLK\LANE_0_IOD_DQSW_TRAINING\DDR3_0_DDRPHY_BLK_LANE_0_IOD_DQSW_TRAINING_PF_IOD.v (2022-10-11 16:07:19)
172      C:\Libero_Projects\PF_Mi_V_Tut\component\work\DDR3_0_DDRPHY_BLK\LANE_0_IOD_DQS\DDR3_0_DDRPHY_BLK_LANE_0_IOD_DQS_PF_IOD.v (2022-10-11 16:07:18)
173      C:\Libero_Projects\PF_Mi_V_Tut\component\work\DDR3_0_DDRPHY_BLK\LANE_0_IOD_DQ\DDR3_0_DDRPHY_BLK_LANE_0_IOD_DQ_PF_IOD.v (2022-10-11 16:07:18)
174      C:\Libero_Projects\PF_Mi_V_Tut\component\work\DDR3_0_DDRPHY_BLK\LANE_0_IOD_READ_TRAINING\DDR3_0_DDRPHY_BLK_LANE_0_IOD_READ_TRAINING_PF_IOD.v (2022-10-11 16:07:19)
175      C:\Libero_Projects\PF_Mi_V_Tut\component\work\DDR3_0_DDRPHY_BLK\LANE_1_CTRL\DDR3_0_DDRPHY_BLK_LANE_1_CTRL_PF_LANECTRL.v (2022-10-11 16:07:19)
176      C:\Libero_Projects\PF_Mi_V_Tut\component\work\DDR3_0_DDRPHY_BLK\LANE_1_CTRL\PF_LANECTRL_PAUSE_SYNC.v (2022-10-11 16:07:19)
177      C:\Libero_Projects\PF_Mi_V_Tut\component\work\DDR3_0_DDRPHY_BLK\LANE_1_IOD_DM\DDR3_0_DDRPHY_BLK_LANE_1_IOD_DM_PF_IOD.v (2022-10-11 16:07:20)
178      C:\Libero_Projects\PF_Mi_V_Tut\component\work\DDR3_0_DDRPHY_BLK\LANE_1_IOD_DQSW_TRAINING\DDR3_0_DDRPHY_BLK_LANE_1_IOD_DQSW_TRAINING_PF_IOD.v (2022-10-11 16:07:21)
179      C:\Libero_Projects\PF_Mi_V_Tut\component\work\DDR3_0_DDRPHY_BLK\LANE_1_IOD_DQS\DDR3_0_DDRPHY_BLK_LANE_1_IOD_DQS_PF_IOD.v (2022-10-11 16:07:20)
180      C:\Libero_Projects\PF_Mi_V_Tut\component\work\DDR3_0_DDRPHY_BLK\LANE_1_IOD_DQ\DDR3_0_DDRPHY_BLK_LANE_1_IOD_DQ_PF_IOD.v (2022-10-11 16:07:20)
181      C:\Libero_Projects\PF_Mi_V_Tut\component\work\DDR3_0_DDRPHY_BLK\LANE_1_IOD_READ_TRAINING\DDR3_0_DDRPHY_BLK_LANE_1_IOD_READ_TRAINING_PF_IOD.v (2022-10-11 16:07:21)
182      C:\Libero_Projects\PF_Mi_V_Tut\component\work\INIT_Monitor\INIT_Monitor.v (2022-10-09 21:12:49)
183      C:\Libero_Projects\PF_Mi_V_Tut\component\work\INIT_Monitor\INIT_Monitor_0\INIT_Monitor_INIT_Monitor_0_PF_INIT_MONITOR.v (2022-10-09 21:12:49)
184      C:\Libero_Projects\PF_Mi_V_Tut\component\work\MIV_RV32_C1\MIV_RV32_C1.v (2022-10-11 16:00:39)
185      C:\Libero_Projects\PF_Mi_V_Tut\component\work\MIV_RV32_C1\MIV_RV32_C1_0\miv_rv32.v (2022-10-11 16:00:39)
186      C:\Libero_Projects\PF_Mi_V_Tut\component\work\SPI_Controller\SPI_Controller.v (2022-10-11 16:18:58)
187      C:\Libero_Projects\PF_Mi_V_Tut\component\work\UART_apb\UART_apb.v (2022-10-11 16:14:46)
188      C:\Libero_Projects\PF_Mi_V_Tut\component\work\UART_apb\UART_apb_0\rtl\vlog\core_obfuscated\Clock_gen.v (2022-10-11 16:14:46)
189      C:\Libero_Projects\PF_Mi_V_Tut\component\work\UART_apb\UART_apb_0\rtl\vlog\core_obfuscated\CoreUART.v (2022-10-11 16:14:46)
190      C:\Libero_Projects\PF_Mi_V_Tut\component\work\UART_apb\UART_apb_0\rtl\vlog\core_obfuscated\CoreUARTapb.v (2022-10-11 16:14:46)
191      C:\Libero_Projects\PF_Mi_V_Tut\component\work\UART_apb\UART_apb_0\rtl\vlog\core_obfuscated\Rx_async.v (2022-10-11 16:14:46)
192      C:\Libero_Projects\PF_Mi_V_Tut\component\work\UART_apb\UART_apb_0\rtl\vlog\core_obfuscated\Tx_async.v (2022-10-11 16:14:46)
193      C:\Libero_Projects\PF_Mi_V_Tut\component\work\UART_apb\UART_apb_0\rtl\vlog\core_obfuscated\fifo_256x8_g5.v (2022-10-11 16:14:46)
194      C:\Libero_Projects\PF_Mi_V_Tut\component\work\reset_syn_0\reset_syn_0.v (2022-10-09 21:14:03)
195      C:\Libero_Projects\PF_Mi_V_Tut\component\work\reset_syn_0\reset_syn_0_0\core\corereset_pf.v (2022-10-09 21:14:03)
196      C:\Libero_Projects\PF_Mi_V_Tut\component\work\reset_syn_1\reset_syn_1.v (2022-10-09 21:14:31)
197      C:\Libero_Projects\PF_Mi_V_Tut\component\work\reset_syn_1\reset_syn_1_0\core\corereset_pf.v (2022-10-09 21:14:31)
198      C:\Libero_Projects\PF_Mi_V_Tut\component\work\top\top.v (2022-10-18 18:40:02)
204      C:\Libero_Projects\PF_Mi_V_Tut\hdl\scheduler.sv (2022-10-16 18:02:54)
199      C:\Microchip\Libero_SoC_v2022.2\SynplifyPro\lib\generic\acg5.v (2022-06-23 22:48:46)
200      C:\Microchip\Libero_SoC_v2022.2\SynplifyPro\lib\vlog\hypermods.v (2022-06-23 22:48:48)
201      C:\Microchip\Libero_SoC_v2022.2\SynplifyPro\lib\vlog\scemi_objects.v (2022-06-23 22:48:48)
202      C:\Microchip\Libero_SoC_v2022.2\SynplifyPro\lib\vlog\scemi_pipes.svh (2022-06-23 22:48:48)
203      C:\Microchip\Libero_SoC_v2022.2\SynplifyPro\lib\vlog\umr_capim.v (2022-06-23 22:48:48)

*******************************************************************
Unchanged modules: 349
MID:  lib.cell.view
0        COREAPB3_LIB.COREAPB3_MUXPTOB3.verilog
1        COREAPB3_LIB.CoreAPB3.verilog
2        COREAPB3_LIB.coreapb3_iaddr_reg.verilog
3        COREJTAGDEBUG_LIB.COREJTAGDEBUG.verilog
4        COREJTAGDEBUG_LIB.COREJTAGDEBUG_UJ_JTAG.verilog
5        COREJTAGDEBUG_LIB.UJTAG_WRAPPER.verilog
6        COREJTAGDEBUG_LIB.corejtagdebug_bufd.verilog
7        CORESPI_LIB.CORESPI.verilog
8        CORESPI_LIB.spi.verilog
9        CORESPI_LIB.spi_chanctrl.verilog
10       CORESPI_LIB.spi_clockmux.verilog
11       CORESPI_LIB.spi_control.verilog
12       CORESPI_LIB.spi_fifo.verilog
13       CORESPI_LIB.spi_rf.verilog
14       work.APB3.verilog
17       work.APB_IF.verilog
18       work.APB_IOG_CTRL_SM.verilog
19       work.Axi4Interconnect.verilog
24       work.C0_addr_tran.verilog
25       work.C0_automatic_sr_pd.verilog
26       work.C0_axi_if.verilog
27       work.C0_controller_busy.verilog
28       work.C0_data_capture.verilog
29       work.C0_dbi.verilog
30       work.C0_ddr4_byte_bit_map.verilog
31       work.C0_ddr4_nwl_phy_init.verilog
32       work.C0_dfi_phase_shift_dynamic.verilog
33       work.C0_dfi_phase_shift_static.verilog
34       work.C0_dfi_phyupd_ack_gen.verilog
35       work.C0_dfi_rddata_align.verilog
36       work.C0_dfi_timing_gen.verilog
37       work.C0_dlr_tracking.verilog
38       work.C0_ecc_127_120.verilog
39       work.C0_fastinit.verilog
40       work.C0_fastsdram.verilog
41       work.C0_force_wrdata_en.verilog
42       work.C0_freq_ratio_cac.verilog
43       work.C0_freq_ratio_data.verilog
44       work.C0_gray_sync_bus.verilog
45       work.C0_init_cal_interface.verilog
46       work.C0_init_pda_mrs_interface.verilog
47       work.C0_init_read_capture.verilog
48       work.C0_lb_fifo.verilog
49       work.C0_mem_test.verilog
50       work.C0_mem_test_analyzer.verilog
51       work.C0_mem_test_lfsr.verilog
52       work.C0_merge_read_valid.verilog
53       work.C0_mpfe.verilog
54       work.C0_mpfe_arbiter.verilog
55       work.C0_mpfe_req_tracking.verilog
56       work.C0_mpfe_starve_timer.verilog
57       work.C0_multiburst.verilog
58       work.C0_multiburst_qr.verilog
59       work.C0_nwl_rolling_timer.verilog
60       work.C0_odt_gen.verilog
61       work.C0_openbank.verilog
62       work.C0_openrank.verilog
63       work.C0_pending_rw.verilog
64       work.C0_phy_top.verilog
65       work.C0_pipeline_timer.verilog
66       work.C0_preamble_phase_shift.verilog
67       work.C0_prog_pipe_delay.verilog
68       work.C0_qm.verilog
69       work.C0_rd_wr_ptr.verilog
70       work.C0_rd_wrap.verilog
71       work.C0_read_cal_timer.verilog
72       work.C0_read_dbi.verilog
73       work.C0_read_reorder.verilog
74       work.C0_reorder_buffer_block_ram.verilog
75       work.C0_rmw.verilog
76       work.C0_rw_tracking.verilog
77       work.C0_sbref_generator.verilog
78       work.C0_sdram_addr_ctrl_parity.verilog
79       work.C0_sdram_lb.verilog
80       work.C0_sdram_sys_top.verilog
81       work.C0_simple_buffer.verilog
82       work.C0_sr_clk_mgr.verilog
83       work.C0_sw_ecc.verilog
84       work.C0_util_bin_to_gray.verilog
85       work.C0_util_fifo.verilog
86       work.C0_util_fifo_core.verilog
87       work.C0_util_fifo_reg.verilog
88       work.C0_util_gray_sync_bin.verilog
89       work.C0_util_gray_to_bin.verilog
90       work.C0_util_handshake_sync.verilog
91       work.C0_util_lat1_to_lat0.verilog
92       work.C0_util_lat1_to_lat0_with_bypass.verilog
93       work.C0_util_lat2_to_lat0.verilog
94       work.C0_util_lat2_to_lat0_with_bypass.verilog
95       work.C0_util_param_latency.verilog
96       work.C0_util_pulse_extender.verilog
97       work.C0_util_ram.verilog
98       work.C0_util_sync.verilog
99       work.C0_util_sync_bus.verilog
100      work.C0_util_sync_flops.verilog
101      work.C0_util_sync_one_shot.verilog
102      work.C0_util_sync_reset.verilog
103      work.C0_util_sync_toggle_pos.verilog
104      work.C0_wrap_calc.verilog
105      work.C0_wrcmd_data_delay.verilog
106      work.C0_write_crc_dbi.verilog
107      work.C0_write_dbi.verilog
108      work.C0_wtr_tracking.verilog
109      work.CCC_C0.verilog
110      work.CCC_C0_CCC_C0_0_PF_CCC.verilog
113      work.COREAXI4INTERCONNECT.verilog
114      work.COREDDR_TIP.verilog
115      work.COREDDR_TIP_INT.verilog
116      work.COREJTAGDEBUG_0.verilog
122      work.CUARTl1Ol.verilog
123      work.CoreGPIO_0.verilog
124      work.CoreGPIO_0_CoreGPIO_0_0_CoreGPIO.verilog
125      work.DDR3_0.verilog
126      work.DDR3_0_CCC_0_PF_CCC.verilog
127      work.DDR3_0_DDRCTRL_0_CoreDDRMemCtrlr.verilog
128      work.DDR3_0_DDRPHY_BLK.verilog
129      work.DDR3_0_DDRPHY_BLK_IOD_A_11_0_PF_IOD.verilog
130      work.DDR3_0_DDRPHY_BLK_IOD_A_12_PF_IOD.verilog
131      work.DDR3_0_DDRPHY_BLK_IOD_A_13_PF_IOD.verilog
132      work.DDR3_0_DDRPHY_BLK_IOD_A_14_PF_IOD.verilog
133      work.DDR3_0_DDRPHY_BLK_IOD_A_15_PF_IOD.verilog
134      work.DDR3_0_DDRPHY_BLK_IOD_BA_PF_IOD.verilog
135      work.DDR3_0_DDRPHY_BLK_IOD_BCLK_TRAINING_PF_IOD.verilog
136      work.DDR3_0_DDRPHY_BLK_IOD_CAS_N_PF_IOD.verilog
137      work.DDR3_0_DDRPHY_BLK_IOD_CKE_PF_IOD.verilog
138      work.DDR3_0_DDRPHY_BLK_IOD_CS_N_PF_IOD.verilog
139      work.DDR3_0_DDRPHY_BLK_IOD_ODT_PF_IOD.verilog
140      work.DDR3_0_DDRPHY_BLK_IOD_RAS_N_PF_IOD.verilog
141      work.DDR3_0_DDRPHY_BLK_IOD_REF_CLK_TRAINING_PF_IOD.verilog
142      work.DDR3_0_DDRPHY_BLK_IOD_RESET_N_PF_IOD.verilog
143      work.DDR3_0_DDRPHY_BLK_IOD_WE_N_PF_IOD.verilog
144      work.DDR3_0_DDRPHY_BLK_LANECTRL_ADDR_CMD_0_PF_LANECTRL.verilog
145      work.DDR3_0_DDRPHY_BLK_LANECTRL_ADDR_CMD_0_PF_LANECTRL_PAUSE_SYNC.verilog
146      work.DDR3_0_DDRPHY_BLK_LANE_0_CTRL_PF_LANECTRL.verilog
147      work.DDR3_0_DDRPHY_BLK_LANE_0_CTRL_PF_LANECTRL_PAUSE_SYNC.verilog
148      work.DDR3_0_DDRPHY_BLK_LANE_0_IOD_DM_PF_IOD.verilog
149      work.DDR3_0_DDRPHY_BLK_LANE_0_IOD_DQSW_TRAINING_PF_IOD.verilog
150      work.DDR3_0_DDRPHY_BLK_LANE_0_IOD_DQS_PF_IOD.verilog
151      work.DDR3_0_DDRPHY_BLK_LANE_0_IOD_DQ_PF_IOD.verilog
152      work.DDR3_0_DDRPHY_BLK_LANE_0_IOD_READ_TRAINING_PF_IOD.verilog
153      work.DDR3_0_DDRPHY_BLK_LANE_1_CTRL_PF_LANECTRL.verilog
154      work.DDR3_0_DDRPHY_BLK_LANE_1_CTRL_PF_LANECTRL_PAUSE_SYNC.verilog
155      work.DDR3_0_DDRPHY_BLK_LANE_1_IOD_DM_PF_IOD.verilog
156      work.DDR3_0_DDRPHY_BLK_LANE_1_IOD_DQSW_TRAINING_PF_IOD.verilog
157      work.DDR3_0_DDRPHY_BLK_LANE_1_IOD_DQS_PF_IOD.verilog
158      work.DDR3_0_DDRPHY_BLK_LANE_1_IOD_DQ_PF_IOD.verilog
159      work.DDR3_0_DDRPHY_BLK_LANE_1_IOD_READ_TRAINING_PF_IOD.verilog
160      work.DDR3_0_DLL_0_PF_CCC.verilog
162      work.DELAY_CTRL.verilog
164      work.DLL_MON.verilog
167      work.FIFO_BLK.verilog
181      work.INIT_Monitor.verilog
182      work.INIT_Monitor_INIT_Monitor_0_PF_INIT_MONITOR.verilog
184      work.IOG_IF.verilog
187      work.LANE_ALIGNMENT.verilog
188      work.LANE_CTRL.verilog
189      work.LEVELLING.verilog
190      work.MIV_RV32_C1.verilog
191      work.MIV_RV32_C1_MIV_RV32_C1_0_MIV_RV32.verilog
198      work.PF_DDR_CFG_INIT.verilog
200      work.PHY_SIG_MOD.verilog
204      work.RDLVL.verilog
205      work.RDLVL_SMS.verilog
206      work.RDLVL_TRAIN.verilog
208      work.SPI_Controller.verilog
213      work.TIP_CTRL_BLK.verilog
214      work.TRN_CLK.verilog
215      work.TRN_COMPLETE.verilog
218      work.UART_apb.verilog
219      work.UART_apb_UART_apb_0_COREUART.verilog
220      work.UART_apb_UART_apb_0_Clock_gen.verilog
221      work.UART_apb_UART_apb_0_CoreUARTapb.verilog
222      work.UART_apb_UART_apb_0_Rx_async.verilog
223      work.UART_apb_UART_apb_0_Tx_async.verilog
224      work.UART_apb_UART_apb_0_fifo_256x8.verilog
225      work.UART_apb_UART_apb_0_fifo_ctrl_256.verilog
231      work.VREF_TR.verilog
232      work.WRLVL.verilog
233      work.WRLVL_BOT.verilog
250      work.caxi4interconnect_AHBL_Ctrl.verilog
251      work.caxi4interconnect_AHB_SM.verilog
252      work.caxi4interconnect_AXI4_Read_Ctrl.verilog
253      work.caxi4interconnect_AXI4_Write_Ctrl.verilog
254      work.caxi4interconnect_AddressController.verilog
255      work.caxi4interconnect_Axi4CrossBar.verilog
256      work.caxi4interconnect_Bin2Gray.verilog
257      work.caxi4interconnect_BitScan0.verilog
258      work.caxi4interconnect_CDC_FIFO.verilog
259      work.caxi4interconnect_CDC_grayCodeCounter.verilog
260      work.caxi4interconnect_CDC_rdCtrl.verilog
261      work.caxi4interconnect_CDC_wrCtrl.verilog
262      work.caxi4interconnect_DERR_Slave.verilog
263      work.caxi4interconnect_DWC_DownConv_CmdFifoWriteCtrl.verilog
264      work.caxi4interconnect_DWC_DownConv_Hold_Reg_Rd.verilog
265      work.caxi4interconnect_DWC_DownConv_Hold_Reg_Wr.verilog
266      work.caxi4interconnect_DWC_DownConv_preCalcCmdFifoWrCtrl.verilog
267      work.caxi4interconnect_DWC_DownConv_readWidthConv.verilog
268      work.caxi4interconnect_DWC_DownConv_widthConvrd.verilog
269      work.caxi4interconnect_DWC_DownConv_widthConvwr.verilog
270      work.caxi4interconnect_DWC_DownConv_writeWidthConv.verilog
271      work.caxi4interconnect_DWC_RChannel_SlvRid_Arb.verilog
272      work.caxi4interconnect_DWC_UpConv_AChannel.verilog
273      work.caxi4interconnect_DWC_UpConv_BChannel.verilog
274      work.caxi4interconnect_DWC_UpConv_RChan_Ctrl.verilog
275      work.caxi4interconnect_DWC_UpConv_RChannel.verilog
276      work.caxi4interconnect_DWC_UpConv_WChan_Hold_Reg.verilog
277      work.caxi4interconnect_DWC_UpConv_WChan_ReadDataFifoCtrl.verilog
278      work.caxi4interconnect_DWC_UpConv_WChannel.verilog
279      work.caxi4interconnect_DWC_UpConv_Wchan_WriteDataFifoCtrl.verilog
280      work.caxi4interconnect_DWC_UpConv_preCalcAChannel.verilog
281      work.caxi4interconnect_DWC_UpConv_preCalcRChan_Ctrl.verilog
282      work.caxi4interconnect_DWC_brespCtrl.verilog
283      work.caxi4interconnect_DependenceChecker.verilog
284      work.caxi4interconnect_DownConverter.verilog
285      work.caxi4interconnect_DualPort_FF_SyncWr_SyncRd.verilog
286      work.caxi4interconnect_DualPort_RAM_SyncWr_SyncRd.verilog
287      work.caxi4interconnect_FIFO.verilog
288      work.caxi4interconnect_FIFO_CTRL.verilog
289      work.caxi4interconnect_FIFO_downsizing.verilog
290      work.caxi4interconnect_FIFO_upsizing.verilog
291      work.caxi4interconnect_FifoDualPort.verilog
292      work.caxi4interconnect_Hold_Reg_Ctrl.verilog
293      work.caxi4interconnect_MasterAddressDecoder.verilog
294      work.caxi4interconnect_MasterControl.verilog
295      work.caxi4interconnect_MasterConvertor.verilog
296      work.caxi4interconnect_MstrAHBtoAXI4Converter.verilog
297      work.caxi4interconnect_MstrClockDomainCrossing.verilog
298      work.caxi4interconnect_MstrDataWidthConv.verilog
299      work.caxi4interconnect_MstrProtocolConverter.verilog
300      work.caxi4interconnect_RAM_BLOCK.verilog
301      work.caxi4interconnect_RDataController.verilog
302      work.caxi4interconnect_RdFifoDualPort.verilog
303      work.caxi4interconnect_ReadDataController.verilog
304      work.caxi4interconnect_ReadDataMux.verilog
305      work.caxi4interconnect_RegSliceFull.verilog
306      work.caxi4interconnect_RegisterSlice.verilog
307      work.caxi4interconnect_RequestQual.verilog
308      work.caxi4interconnect_ResetSycnc.verilog
309      work.caxi4interconnect_RespController.verilog
310      work.caxi4interconnect_RoundRobinArb.verilog
311      work.caxi4interconnect_SlaveConvertor.verilog
312      work.caxi4interconnect_SlaveDataMuxController.verilog
313      work.caxi4interconnect_SlvAxi4ProtConvAXI4ID.verilog
314      work.caxi4interconnect_SlvAxi4ProtConvRead.verilog
315      work.caxi4interconnect_SlvAxi4ProtConvWrite.verilog
316      work.caxi4interconnect_SlvAxi4ProtocolConv.verilog
317      work.caxi4interconnect_SlvClockDomainCrossing.verilog
318      work.caxi4interconnect_SlvDataWidthConverter.verilog
319      work.caxi4interconnect_SlvProtocolConverter.verilog
320      work.caxi4interconnect_TargetMuxController.verilog
321      work.caxi4interconnect_TransactionController.verilog
322      work.caxi4interconnect_UpConverter.verilog
323      work.caxi4interconnect_WDataController.verilog
324      work.caxi4interconnect_WriteDataMux.verilog
325      work.caxi4interconnect_byte2bit.verilog
326      work.caxi4interconnect_revision.verilog
327      work.data_transition_detector.verilog
328      work.ddr4_vref.verilog
329      work.ddr_init_iterator.verilog
330      work.dq_align_dqs_optimization.verilog
331      work.flag_generator.verilog
332      work.gate_training.verilog
333      work.miv_rv32_axi_egress_buffer.verilog
334      work.miv_rv32_axi_egress_slip_buffer.verilog
335      work.miv_rv32_axi_ingress_buffer.verilog
336      work.miv_rv32_axi_rchan.verilog
337      work.miv_rv32_axi_wchan.verilog
338      work.miv_rv32_axi_xaddr_buffer.verilog
339      work.miv_rv32_axi_xaddr_buffer_slot.verilog
340      work.miv_rv32_bcu.verilog
341      work.miv_rv32_bist_decode.verilog
342      work.miv_rv32_bist_ecc.verilog
343      work.miv_rv32_bist_ecc_core.verilog
344      work.miv_rv32_bist_ecc_empty.verilog
345      work.miv_rv32_bist_ecc_read.verilog
346      work.miv_rv32_bist_ecc_write.verilog
347      work.miv_rv32_bist_err_inject.verilog
348      work.miv_rv32_bist_pipeline.verilog
349      work.miv_rv32_bist_template_dual_behav.verilog
350      work.miv_rv32_bistdual_behav.verilog
351      work.miv_rv32_bistdual_eccw.verilog
352      work.miv_rv32_bistdual_err_mask.verilog
353      work.miv_rv32_bistdual_pl_enable.verilog
354      work.miv_rv32_bistdual_ram_init.verilog
355      work.miv_rv32_bistdual_ram_stabilizer.verilog
356      work.miv_rv32_bistdualdata_behav.verilog
357      work.miv_rv32_bistmux.verilog
358      work.miv_rv32_bootrom.verilog
359      work.miv_rv32_buffer.verilog
360      work.miv_rv32_common_buffer_behav.verilog
361      work.miv_rv32_core.verilog
362      work.miv_rv32_csr_decode.verilog
363      work.miv_rv32_csr_gpr_state_reg.verilog
364      work.miv_rv32_csr_privarch.verilog
365      work.miv_rv32_dpr_hqa_dual_storage_bistw_behav.verilog
366      work.miv_rv32_dpr_hqa_dual_storage_rbcw.verilog
367      work.miv_rv32_expipe.verilog
368      work.miv_rv32_exu.verilog
369      work.miv_rv32_fetch_unit.verilog
370      work.miv_rv32_fixed_arb.verilog
371      work.miv_rv32_gpr.verilog
372      work.miv_rv32_gpr_ecc_bist_template.verilog
373      work.miv_rv32_gpr_ecc_enc_dec.verilog
374      work.miv_rv32_gpr_ecc_enc_dec_bistw_behav.verilog
375      work.miv_rv32_gpr_ram.verilog
376      work.miv_rv32_gpr_ram_array.verilog
377      work.miv_rv32_gpr_ram_init.verilog
378      work.miv_rv32_gpr_ram_mux.verilog
379      work.miv_rv32_idecode.verilog
380      work.miv_rv32_ifu_iab.verilog
381      work.miv_rv32_irq_reg.verilog
382      work.miv_rv32_logic_mux_behav_v2.verilog
383      work.miv_rv32_lsu.verilog
384      work.miv_rv32_mtime_irq.verilog
385      work.miv_rv32_mul.verilog
386      work.miv_rv32_opsrv.verilog
387      work.miv_rv32_opsrv_ahb_mstr.verilog
388      work.miv_rv32_opsrv_apb_mstr.verilog
389      work.miv_rv32_opsrv_axi_mstr.verilog
390      work.miv_rv32_opsrv_debug.verilog
391      work.miv_rv32_opsrv_debug_du.verilog
392      work.miv_rv32_opsrv_debug_fifo.verilog
393      work.miv_rv32_opsrv_debug_sba.verilog
394      work.miv_rv32_opsrv_dtm_jtag.verilog
395      work.miv_rv32_opsrv_interconnect.verilog
396      work.miv_rv32_opsrv_regs.verilog
397      work.miv_rv32_opsrv_tcm.verilog
398      work.miv_rv32_opsrv_tcm_dap_apb_slv.verilog
399      work.miv_rv32_opsrv_udma.verilog
400      work.miv_rv32_priv_irq.verilog
401      work.miv_rv32_ram_dport_reg.verilog
402      work.miv_rv32_ram_singleport_addreg.verilog
403      work.miv_rv32_ram_singleport_lp.verilog
404      work.miv_rv32_ram_singleport_lp_ecc.verilog
405      work.miv_rv32_rr_pri_arb.verilog
406      work.miv_rv32_strb_to_addr.verilog
407      work.noisy_data_detector.verilog
408      work.ram_simple_dp.verilog
409      work.register_bank.verilog
410      work.reset_syn_0.verilog
411      work.reset_syn_0_reset_syn_0_0_CORERESET_PF.verilog
412      work.reset_syn_1.verilog
413      work.reset_syn_1_reset_syn_1_0_CORERESET_PF.verilog
419      work.scheduler.verilog
414      work.top.verilog
415      work.trn_bclksclk.verilog
416      work.trn_cmd_addr.verilog
417      work.trn_dqsw.verilog
418      work.write_callibrator.verilog
